CRITICAL - 2026-04-28 06:20:20 --> CodeIgniter\Database\Exceptions\DataException: There is no data to insert.
[Method: POST, Route: register]
in SYSTEMPATH/BaseModel.php on line 1876.
 1 SYSTEMPATH/BaseModel.php(1876): CodeIgniter\Database\Exceptions\DataException::forEmptyDataset()
 2 SYSTEMPATH/BaseModel.php(865): CodeIgniter\BaseModel->transformDataToArray()
 3 SYSTEMPATH/Model.php(668): CodeIgniter\BaseModel->insert()
 4 APPPATH/Controllers/User.php(23): CodeIgniter\Model->insert()
 5 SYSTEMPATH/CodeIgniter.php(951): App\Controllers\User->insertUser()
 6 SYSTEMPATH/CodeIgniter.php(497): CodeIgniter\CodeIgniter->runController()
 7 SYSTEMPATH/CodeIgniter.php(340): CodeIgniter\CodeIgniter->handleRequest()
 8 SYSTEMPATH/Boot.php(417): CodeIgniter\CodeIgniter->run()
 9 SYSTEMPATH/Boot.php(68): CodeIgniter\Boot::runCodeIgniter()
10 FCPATH/index.php(59): CodeIgniter\Boot::bootWeb()
CRITICAL - 2026-04-28 06:21:46 --> CodeIgniter\Database\Exceptions\DataException: There is no data to insert.
[Method: POST, Route: register]
in SYSTEMPATH/BaseModel.php on line 1876.
 1 SYSTEMPATH/BaseModel.php(1876): CodeIgniter\Database\Exceptions\DataException::forEmptyDataset()
 2 SYSTEMPATH/BaseModel.php(865): CodeIgniter\BaseModel->transformDataToArray()
 3 SYSTEMPATH/Model.php(668): CodeIgniter\BaseModel->insert()
 4 APPPATH/Controllers/User.php(23): CodeIgniter\Model->insert()
 5 SYSTEMPATH/CodeIgniter.php(951): App\Controllers\User->insertUser()
 6 SYSTEMPATH/CodeIgniter.php(497): CodeIgniter\CodeIgniter->runController()
 7 SYSTEMPATH/CodeIgniter.php(340): CodeIgniter\CodeIgniter->handleRequest()
 8 SYSTEMPATH/Boot.php(417): CodeIgniter\CodeIgniter->run()
 9 SYSTEMPATH/Boot.php(68): CodeIgniter\Boot::runCodeIgniter()
10 FCPATH/index.php(59): CodeIgniter\Boot::bootWeb()
CRITICAL - 2026-04-28 06:29:31 --> CodeIgniter\View\Exceptions\ViewException: Invalid file: "/.php"
[Method: POST, Route: register]
in SYSTEMPATH/Exceptions/FrameworkException.php on line 39.
 1 SYSTEMPATH/View/View.php(228): CodeIgniter\Exceptions\FrameworkException::forInvalidFile()
 2 SYSTEMPATH/Common.php(1250): CodeIgniter\View\View->render()
 3 APPPATH/Controllers/User.php(26): view()
 4 SYSTEMPATH/CodeIgniter.php(951): App\Controllers\User->insertUser()
 5 SYSTEMPATH/CodeIgniter.php(497): CodeIgniter\CodeIgniter->runController()
 6 SYSTEMPATH/CodeIgniter.php(340): CodeIgniter\CodeIgniter->handleRequest()
 7 SYSTEMPATH/Boot.php(417): CodeIgniter\CodeIgniter->run()
 8 SYSTEMPATH/Boot.php(68): CodeIgniter\Boot::runCodeIgniter()
 9 FCPATH/index.php(59): CodeIgniter\Boot::bootWeb()
